#
# There is insufficient memory for the Java Runtime Environment to continue.
# Native memory allocation (malloc) failed to allocate 1048576 bytes for AllocateHeap
# Possible reasons:
#   The system is out of physical RAM or swap space
#   The process is running with CompressedOops enabled, and the Java Heap may be blocking the growth of the native heap
# Possible solutions:
#   Reduce memory load on the system
#   Increase physical memory or swap space
#   Check if swap backing store is full
#   Decrease Java heap size (-Xmx/-Xms)
#   Decrease number of Java threads
#   Decrease Java thread stack sizes (-Xss)
#   Set larger code cache with -XX:ReservedCodeCacheSize=
#   JVM is running with Zero Based Compressed Oops mode in which the Java heap is
#     placed in the first 32GB address space. The Java Heap base address is the
#     maximum limit for the native heap growth. Please use -XX:HeapBaseMinAddress
#     to set the Java Heap base and to place the Java Heap above 32GB virtual address.
# This output file may be truncated or incomplete.
#
#  Out of Memory Error (allocation.cpp:44), pid=5544, tid=13376
#
# JRE version:  (17.0.12+8) (build )
# Java VM: Java HotSpot(TM) 64-Bit Server VM (17.0.12+8-LTS-286, mixed mode, sharing, tiered, compressed oops, compressed class ptrs, g1 gc, windows-amd64)
# No core dump will be written. Minidumps are not enabled by default on client versions of Windows
#

---------------  S U M M A R Y ------------

Command Line: -XX:+ShowCodeDetailsInExceptionMessages -agentlib:jdwp=transport=dt_socket,suspend=y,address=localhost:65223 -javaagent:D:\DEV05\install\2.eclipse\eclipse-jee-2025-03-R-win32-x86_64\eclipse\configuration\org.eclipse.osgi\440\0\.cp\lib\javaagent-shaded.jar -Dfile.encoding=UTF-8 -Dstdout.encoding=UTF-8 -Dstderr.encoding=UTF-8 ch08._08_loginHashMapEx

Host: 13th Gen Intel(R) Core(TM) i7-13700, 24 cores, 31G,  Windows 11 , 64 bit Build 26100 (10.0.26100.3912)
Time: Tue Jun 10 17:13:09 2025  Windows 11 , 64 bit Build 26100 (10.0.26100.3912) elapsed time: 3.053999 seconds (0d 0h 0m 3s)

---------------  T H R E A D  ---------------

Current thread (0x000001790697d670):  JavaThread "Unknown thread" [_thread_in_vm, id=13376, stack(0x0000000f61b00000,0x0000000f61c00000)]

Stack: [0x0000000f61b00000,0x0000000f61c00000]
Native frames: (J=compiled Java code, j=interpreted, Vv=VM code, C=native code)
V  [jvm.dll+0x67a04a]
V  [jvm.dll+0x7da4ed]
V  [jvm.dll+0x7dbe33]
V  [jvm.dll+0x7dc4a3]
V  [jvm.dll+0x24508f]
V  [jvm.dll+0xa5e2b]
V  [jvm.dll+0x2e22de]
V  [jvm.dll+0x2d9fbb]
V  [jvm.dll+0x7aca21]
V  [jvm.dll+0x367591]
V  [jvm.dll+0x78b999]
V  [jvm.dll+0x3ec83f]
V  [jvm.dll+0x3ee471]
C  [jli.dll+0x5297]
C  [ucrtbase.dll+0x37b0]
C  [KERNEL32.DLL+0x2e8d7]
C  [ntdll.dll+0x9c5dc]


---------------  P R O C E S S  ---------------

Threads class SMR info:
_java_thread_list=0x00007ffafad97a18, length=0, elements={
}

Java Threads: ( => current thread )

Other Threads:
  0x0000017906a2db40 GCTaskThread "GC Thread#0" [stack: 0x0000000f61c00000,0x0000000f61d00000] [id=4876]

[error occurred during error reporting (printing all threads), id 0xc0000005, EXCEPTION_ACCESS_VIOLATION (0xc0000005) at pc=0x00007ffafa5c70e0]

VM state: not at safepoint (not fully initialized)

VM Mutex/Monitor currently owned by a thread:  ([mutex/lock_event])
[0x000001790697c140] Heap_lock - owner thread: 0x000001790697d670

Heap address: 0x0000000605c00000, size: 8100 MB, Compressed Oops mode: Zero based, Oop shift amount: 3

CDS archive(s) mapped at: [0x0000000000000000-0x0000000000000000-0x0000000000000000), size 0, SharedBaseAddress: 0x0000000800000000, ArchiveRelocationMode: 1.
Narrow klass base: 0x0000000000000000, Narrow klass shift: 0, Narrow klass range: 0x0

GC Precious Log:
<Empty>

Heap:
 garbage-first heap   total 0K, used 0K [0x0000000605c00000, 0x0000000800000000)
  region size 4096K, 0 young (0K), 0 survivors (0K)

[error occurred during error reporting (printing heap information), id 0xc0000005, EXCEPTION_ACCESS_VIOLATION (0xc0000005) at pc=0x00007ffafa9b3859]

GC Heap History (0 events):
No events

Deoptimization events (0 events):
No events

Classes unloaded (0 events):
No events

Classes redefined (0 events):
No events

Internal exceptions (0 events):
No events

VM Operations (0 events):
No events

Events (1 events):
Event: 0.006 Loaded shared library C:\Program Files\Java\jdk-17\bin\java.dll


Dynamic libraries:
0x00007ff643180000 - 0x00007ff643190000 	C:\Program Files\Java\jdk-17\bin\javaw.exe
0x00007ffb79dc0000 - 0x00007ffb7a026000 	C:\WINDOWS\SYSTEM32\ntdll.dll
0x00007ffb78160000 - 0x00007ffb78229000 	C:\WINDOWS\System32\KERNEL32.DLL
0x00007ffb770a0000 - 0x00007ffb7746c000 	C:\WINDOWS\System32\KERNELBASE.dll
0x00007ffb76f50000 - 0x00007ffb7709b000 	C:\WINDOWS\System32\ucrtbase.dll
0x00007ffb62520000 - 0x00007ffb62539000 	C:\Program Files\Java\jdk-17\bin\jli.dll
0x00007ffb708c0000 - 0x00007ffb708db000 	C:\Program Files\Java\jdk-17\bin\VCRUNTIME140.dll
0x00007ffb79510000 - 0x00007ffb795c2000 	C:\WINDOWS\System32\ADVAPI32.dll
0x00007ffb78520000 - 0x00007ffb785c9000 	C:\WINDOWS\System32\msvcrt.dll
0x00007ffb78470000 - 0x00007ffb78516000 	C:\WINDOWS\System32\sechost.dll
0x00007ffb77b80000 - 0x00007ffb77c96000 	C:\WINDOWS\System32\RPCRT4.dll
0x00007ffb78230000 - 0x00007ffb783fa000 	C:\WINDOWS\System32\USER32.dll
0x00007ffb775c0000 - 0x00007ffb775e7000 	C:\WINDOWS\System32\win32u.dll
0x00007ffb52c90000 - 0x00007ffb52f2a000 	C:\WINDOWS\WinSxS\amd64_microsoft.windows.common-controls_6595b64144ccf1df_6.0.26100.3912_none_3e07963ce335137e\COMCTL32.dll
0x00007ffb780e0000 - 0x00007ffb7810b000 	C:\WINDOWS\System32\GDI32.dll
0x00007ffb77770000 - 0x00007ffb778a2000 	C:\WINDOWS\System32\gdi32full.dll
0x00007ffb778b0000 - 0x00007ffb77953000 	C:\WINDOWS\System32\msvcp_win.dll
0x00007ffb70680000 - 0x00007ffb7068b000 	C:\WINDOWS\SYSTEM32\VERSION.dll
0x00007ffb78430000 - 0x00007ffb78460000 	C:\WINDOWS\System32\IMM32.DLL
0x00007ffb72d00000 - 0x00007ffb72d0c000 	C:\Program Files\Java\jdk-17\bin\vcruntime140_1.dll
0x00007ffb1f0d0000 - 0x00007ffb1f15e000 	C:\Program Files\Java\jdk-17\bin\msvcp140.dll
0x00007ffafa2e0000 - 0x00007ffafaec0000 	C:\Program Files\Java\jdk-17\bin\server\jvm.dll
0x00007ffb78030000 - 0x00007ffb78038000 	C:\WINDOWS\System32\PSAPI.DLL
0x00007ffb6c9f0000 - 0x00007ffb6ca26000 	C:\WINDOWS\SYSTEM32\WINMM.dll
0x00007ffb70480000 - 0x00007ffb7048a000 	C:\WINDOWS\SYSTEM32\WSOCK32.dll
0x00007ffb785d0000 - 0x00007ffb78644000 	C:\WINDOWS\System32\WS2_32.dll
0x00007ffb75cd0000 - 0x00007ffb75cea000 	C:\WINDOWS\SYSTEM32\kernel.appcore.dll
0x00007ffb6c380000 - 0x00007ffb6c38a000 	C:\Program Files\Java\jdk-17\bin\jimage.dll
0x00007ffb74140000 - 0x00007ffb74381000 	C:\WINDOWS\SYSTEM32\DBGHELP.DLL
0x00007ffb79870000 - 0x00007ffb79bf4000 	C:\WINDOWS\System32\combase.dll
0x00007ffb79780000 - 0x00007ffb79860000 	C:\WINDOWS\System32\OLEAUT32.dll
0x00007ffb704c0000 - 0x00007ffb704f9000 	C:\WINDOWS\SYSTEM32\dbgcore.DLL
0x00007ffb77960000 - 0x00007ffb779f9000 	C:\WINDOWS\System32\bcryptPrimitives.dll
0x00007ffb62310000 - 0x00007ffb6234b000 	C:\Program Files\Java\jdk-17\bin\jdwp.dll
0x00007ffb63b90000 - 0x00007ffb63b9e000 	C:\Program Files\Java\jdk-17\bin\instrument.dll
0x00007ffb5f3e0000 - 0x00007ffb5f405000 	C:\Program Files\Java\jdk-17\bin\java.dll

dbghelp: loaded successfully - version: 4.0.5 - missing functions: none
symbol engine: initialized successfully - sym options: 0x614 - pdb path: .;C:\Program Files\Java\jdk-17\bin;C:\WINDOWS\SYSTEM32;C:\WINDOWS\WinSxS\amd64_microsoft.windows.common-controls_6595b64144ccf1df_6.0.26100.3912_none_3e07963ce335137e;C:\Program Files\Java\jdk-17\bin\server

VM Arguments:
jvm_args: -XX:+ShowCodeDetailsInExceptionMessages -agentlib:jdwp=transport=dt_socket,suspend=y,address=localhost:65223 -javaagent:D:\DEV05\install\2.eclipse\eclipse-jee-2025-03-R-win32-x86_64\eclipse\configuration\org.eclipse.osgi\440\0\.cp\lib\javaagent-shaded.jar -Dfile.encoding=UTF-8 -Dstdout.encoding=UTF-8 -Dstderr.encoding=UTF-8 
java_command: ch08._08_loginHashMapEx
java_class_path (initial): D:\DEV05\workspace\Java_05\bin
Launcher Type: SUN_STANDARD

[Global flags]
     intx CICompilerCount                          = 12                                        {product} {ergonomic}
     uint ConcGCThreads                            = 5                                         {product} {ergonomic}
     uint G1ConcRefinementThreads                  = 18                                        {product} {ergonomic}
   size_t G1HeapRegionSize                         = 4194304                                   {product} {ergonomic}
    uintx GCDrainStackTargetSize                   = 64                                        {product} {ergonomic}
   size_t InitialHeapSize                          = 532676608                                 {product} {ergonomic}
   size_t MarkStackSize                            = 4194304                                   {product} {ergonomic}
   size_t MaxHeapSize                              = 8493465600                                {product} {ergonomic}
   size_t MinHeapDeltaBytes                        = 4194304                                   {product} {ergonomic}
   size_t MinHeapSize                              = 8388608                                   {product} {ergonomic}
    uintx NonNMethodCodeHeapSize                   = 7602480                                {pd product} {ergonomic}
    uintx NonProfiledCodeHeapSize                  = 122027880                              {pd product} {ergonomic}
    uintx ProfiledCodeHeapSize                     = 122027880                              {pd product} {ergonomic}
    uintx ReservedCodeCacheSize                    = 251658240                              {pd product} {ergonomic}
     bool SegmentedCodeCache                       = true                                      {product} {ergonomic}
     bool ShowCodeDetailsInExceptionMessages       = true                                   {manageable} {command line}
   size_t SoftMaxHeapSize                          = 8493465600                             {manageable} {ergonomic}
     bool UseCompressedClassPointers               = true                           {product lp64_product} {ergonomic}
     bool UseCompressedOops                        = true                           {product lp64_product} {ergonomic}
     bool UseG1GC                                  = true                                      {product} {ergonomic}
     bool UseLargePagesIndividualAllocation        = false                                  {pd product} {ergonomic}

Logging:
Log output configuration:
 #0: stdout all=warning uptime,level,tags
 #1: stderr all=off uptime,level,tags

Environment Variables:
PATH=D:/DEV05/install/2.eclipse/eclipse-jee-2025-03-R-win32-x86_64/eclipse//plugins/org.eclipse.justj.openjdk.hotspot.jre.full.win32.x86_64_21.0.6.v20250130-0529/jre/bin/server;D:/DEV05/install/2.eclipse/eclipse-jee-2025-03-R-win32-x86_64/eclipse//plugins/org.eclipse.justj.openjdk.hotspot.jre.full.win32.x86_64_21.0.6.v20250130-0529/jre/bin;C:\Program Files\Common Files\Oracle\Java\javapath;C:\WINDOWS\system32;C:\WINDOWS;C:\WINDOWS\System32\Wbem;C:\WINDOWS\System32\WindowsPowerShell\v1.0\;C:\WINDOWS\System32\OpenSSH\;C:\Program Files\Java\jdk-17\bin;C:\Program Files\Git\cmd;C:\Users\ict1\AppData\Local\Microsoft\WindowsApps;;D:\DEV05\install\2.eclipse\eclipse-jee-2025-03-R-win32-x86_64\eclipse;
USERNAME=ict1
OS=Windows_NT
PROCESSOR_IDENTIFIER=Intel64 Family 6 Model 183 Stepping 1, GenuineIntel



---------------  S Y S T E M  ---------------

OS:
 Windows 11 , 64 bit Build 26100 (10.0.26100.3912)
OS uptime: 14 days 22:47 hours
Hyper-V role detected

CPU: total 24 (initial active 24) (12 cores per cpu, 2 threads per core) family 6 model 183 stepping 1 microcode 0x112, cx8, cmov, fxsr, ht, mmx, 3dnowpref, sse, sse2, sse3, ssse3, sse4.1, sse4.2, popcnt, lzcnt, tsc, tscinvbit, avx, avx2, aes, erms, clmul, bmi1, bmi2, adx, sha, fma, vzeroupper, clflush, clflushopt, clwb, hv

Memory: 4k page, system-wide physical 32388M (6007M free)
TotalPageFile size 93045M (AvailPageFile size 7M)
current process WorkingSet (physical memory assigned to process): 12M, peak: 12M
current process commit charge ("private bytes"): 69M, peak: 70M

vm_info: Java HotSpot(TM) 64-Bit Server VM (17.0.12+8-LTS-286) for windows-amd64 JRE (17.0.12+8-LTS-286), built on Jun  5 2024 06:46:59 by "mach5one" with MS VC++ 17.6 (VS2022)

END.
